<?xml version="1.0" encoding="UTF-8"?>
<!-- Generated by org.testng.reporters.JUnitReportReporter -->
<testsuite hostname="DESKTOP-QUGJ003" failures="0" tests="1" name="reqresAutomation.Reqres_POST_RegisterSuccessful_400" time="3.367" errors="0" timestamp="09 jul. 2020 04:57:34 GMT" skipped="0">
  <testcase classname="reqresAutomation.Reqres_POST_RegisterSuccessful_400" name="RegisterSuccessful400" time="3.367"/>
</testsuite> <!-- reqresAutomation.Reqres_POST_RegisterSuccessful_400 -->
