<?xml version="1.0" encoding="UTF-8"?>
<!-- Generated by org.testng.reporters.JUnitReportReporter -->
<testsuite hostname="DESKTOP-QUGJ003" failures="0" tests="1" name="reqresAutomation.reqres_GET_List_Users" time="2.124" errors="0" timestamp="09 jul. 2020 04:58:05 GMT" skipped="0">
  <testcase classname="reqresAutomation.reqres_GET_List_Users" name="getweatherDetails" time="2.124"/>
</testsuite> <!-- reqresAutomation.reqres_GET_List_Users -->
