<?xml version="1.0" encoding="UTF-8"?>
<!-- Generated by org.testng.reporters.JUnitReportReporter -->
<testsuite hostname="DESKTOP-QUGJ003" failures="0" tests="1" name="reqresAutomation.reqres_GET_List_Users_404" time="2.575" errors="0" timestamp="09 jul. 2020 04:58:28 GMT" skipped="0">
  <testcase classname="reqresAutomation.reqres_GET_List_Users_404" name="getweatherDetails404" time="2.575"/>
</testsuite> <!-- reqresAutomation.reqres_GET_List_Users_404 -->
